<?xml version="1.0" encoding="UTF-8"?>
<testng-results ignored="0" total="1" passed="1" failed="0" skipped="0">
  <reporter-output>
  </reporter-output>
  <suite started-at="2022-11-15T13:42:03 IST" name="Default suite" finished-at="2022-11-15T13:42:11 IST" duration-ms="7976">
    <groups>
    </groups>
    <test started-at="2022-11-15T13:42:03 IST" name="Default test" finished-at="2022-11-15T13:42:11 IST" duration-ms="7976">
      <class name="Varun.ExtentReports.ExtentReportDemo">
        <test-method is-config="true" signature="config()[pri:0, instance:Varun.ExtentReports.ExtentReportDemo@130c12b7]" started-at="2022-11-15T13:42:03 IST" name="config" finished-at="2022-11-15T13:42:03 IST" duration-ms="265" status="PASS">
          <reporter-output>
          </reporter-output>
        </test-method> <!-- config -->
        <test-method signature="initialDemo()[pri:0, instance:Varun.ExtentReports.ExtentReportDemo@130c12b7]" started-at="2022-11-15T13:42:03 IST" name="initialDemo" finished-at="2022-11-15T13:42:11 IST" duration-ms="7668" status="PASS">
          <reporter-output>
          </reporter-output>
        </test-method> <!-- initialDemo -->
      </class> <!-- Varun.ExtentReports.ExtentReportDemo -->
    </test> <!-- Default test -->
  </suite> <!-- Default suite -->
</testng-results>
